2026-07-01 16:45:55,164 - INFO - [main.py:11] - Initializing Chrome Full Page Capture GUI...
2026-07-01 16:46:47,552 - INFO - [chrome_controller.py:21] - Searching for Google Chrome window...
2026-07-01 16:46:48,568 - INFO - [chrome_controller.py:39] - Activated Chrome window: Capturing Full-Page Screenshots - Google Chrome
2026-07-01 16:46:48,575 - INFO - [gui.py:188] - GUI: Processing Tab 1/3: Capturing Full-Page Screenshots - Google Chrome
2026-07-01 16:46:48,598 - DEBUG - [scroll_engine.py:41] - Scrolling to top...
2026-07-01 16:46:49,766 - DEBUG - [desktop_capture.py:18] - Initialized DesktopCapture with monitor: {'left': 0, 'top': 0, 'width': 2560, 'height': 1600, 'is_primary': True, 'name': 'Generic PnP Monitor', 'unique_id': '\\\\?\\DISPLAY#CMN1628#4&1044f657&0&UID8388688#{e6f07b5f-ee97-4a90-b076-33f57bf4eaa7}'}
2026-07-01 16:46:49,860 - DEBUG - [scroll_engine.py:27] - Scrolling down...
2026-07-01 16:46:50,961 - DEBUG - [duplicate_detector.py:44] - Image hash distance: 11
2026-07-01 16:46:50,961 - DEBUG - [scroll_engine.py:27] - Scrolling down...
2026-07-01 16:46:52,069 - DEBUG - [duplicate_detector.py:44] - Image hash distance: 9
2026-07-01 16:46:52,069 - DEBUG - [scroll_engine.py:27] - Scrolling down...
2026-07-01 16:46:53,167 - DEBUG - [duplicate_detector.py:44] - Image hash distance: 7
2026-07-01 16:46:53,167 - DEBUG - [scroll_engine.py:27] - Scrolling down...
2026-07-01 16:46:54,268 - DEBUG - [duplicate_detector.py:44] - Image hash distance: 6
2026-07-01 16:46:54,268 - DEBUG - [scroll_engine.py:27] - Scrolling down...
2026-07-01 16:46:55,354 - DEBUG - [duplicate_detector.py:44] - Image hash distance: 14
2026-07-01 16:46:55,354 - DEBUG - [scroll_engine.py:27] - Scrolling down...
2026-07-01 16:46:56,449 - DEBUG - [duplicate_detector.py:44] - Image hash distance: 7
2026-07-01 16:46:56,449 - DEBUG - [scroll_engine.py:27] - Scrolling down...
2026-07-01 16:46:57,694 - DEBUG - [duplicate_detector.py:44] - Image hash distance: 10
2026-07-01 16:46:57,694 - DEBUG - [scroll_engine.py:27] - Scrolling down...
2026-07-01 16:46:58,801 - DEBUG - [duplicate_detector.py:44] - Image hash distance: 11
2026-07-01 16:46:58,803 - DEBUG - [scroll_engine.py:27] - Scrolling down...
2026-07-01 16:46:59,906 - DEBUG - [duplicate_detector.py:44] - Image hash distance: 11
2026-07-01 16:46:59,907 - DEBUG - [scroll_engine.py:27] - Scrolling down...
2026-07-01 16:47:01,006 - DEBUG - [duplicate_detector.py:44] - Image hash distance: 5
2026-07-01 16:47:01,006 - DEBUG - [scroll_engine.py:27] - Scrolling down...
2026-07-01 16:47:02,104 - DEBUG - [duplicate_detector.py:44] - Image hash distance: 7
2026-07-01 16:47:02,104 - DEBUG - [scroll_engine.py:27] - Scrolling down...
2026-07-01 16:47:03,192 - DEBUG - [duplicate_detector.py:44] - Image hash distance: 3
2026-07-01 16:47:03,192 - DEBUG - [scroll_engine.py:27] - Scrolling down...
2026-07-01 16:47:04,297 - DEBUG - [duplicate_detector.py:44] - Image hash distance: 1
2026-07-01 16:47:04,298 - DEBUG - [page_detector.py:52] - Image hash suggests duplicate. Confirming with OCR...
2026-07-01 16:47:04,406 - WARNING - [ocr_utils.py:27] - OCR text extraction failed (is Tesseract installed?): tesseract is not installed or it's not in your PATH. See README file for more information.
2026-07-01 16:47:04,458 - WARNING - [ocr_utils.py:27] - OCR text extraction failed (is Tesseract installed?): tesseract is not installed or it's not in your PATH. See README file for more information.
2026-07-01 16:47:04,459 - INFO - [page_detector.py:60] - OCR returned no text. Relying on Image Hash for bottom detection.
2026-07-01 16:47:04,467 - INFO - [gui.py:188] - GUI: Stitching 13 screenshots...
2026-07-01 16:47:04,467 - INFO - [image_stitcher.py:35] - Stitching 13 images...
2026-07-01 16:47:04,684 - DEBUG - [image_stitcher.py:62] - Saving stitched image of size (2560, 18400)...
2026-07-01 16:47:05,754 - INFO - [image_stitcher.py:64] - Successfully saved stitched image to C:\Users\ojhav\OneDrive\Desktop\Auto Scroller\ChromeFullPageCapture\Output\001_Capturing Full-Page Screenshots - Google Chrome.png
2026-07-01 16:47:05,794 - INFO - [chrome_controller.py:57] - Switching to next tab...
2026-07-01 16:47:06,302 - DEBUG - [chrome_controller.py:66] - New tab title: YouTube - Google Chrome
2026-07-01 16:47:06,309 - INFO - [gui.py:188] - GUI: Processing Tab 2/3: YouTube - Google Chrome
2026-07-01 16:47:06,346 - DEBUG - [scroll_engine.py:41] - Scrolling to top...
2026-07-01 16:47:07,350 - DEBUG - [desktop_capture.py:18] - Initialized DesktopCapture with monitor: {'left': 0, 'top': 0, 'width': 2560, 'height': 1600, 'is_primary': True, 'name': 'Generic PnP Monitor', 'unique_id': '\\\\?\\DISPLAY#CMN1628#4&1044f657&0&UID8388688#{e6f07b5f-ee97-4a90-b076-33f57bf4eaa7}'}
2026-07-01 16:47:07,424 - DEBUG - [scroll_engine.py:27] - Scrolling down...
2026-07-01 16:47:08,507 - DEBUG - [duplicate_detector.py:44] - Image hash distance: 0
2026-07-01 16:47:08,508 - DEBUG - [page_detector.py:52] - Image hash suggests duplicate. Confirming with OCR...
2026-07-01 16:47:08,568 - WARNING - [ocr_utils.py:27] - OCR text extraction failed (is Tesseract installed?): tesseract is not installed or it's not in your PATH. See README file for more information.
2026-07-01 16:47:08,619 - WARNING - [ocr_utils.py:27] - OCR text extraction failed (is Tesseract installed?): tesseract is not installed or it's not in your PATH. See README file for more information.
2026-07-01 16:47:08,619 - INFO - [page_detector.py:60] - OCR returned no text. Relying on Image Hash for bottom detection.
2026-07-01 16:47:08,628 - INFO - [gui.py:188] - GUI: Stitching 1 screenshots...
2026-07-01 16:47:08,629 - INFO - [image_stitcher.py:35] - Stitching 1 images...
2026-07-01 16:47:08,634 - DEBUG - [image_stitcher.py:62] - Saving stitched image of size (2560, 1600)...
2026-07-01 16:47:08,717 - INFO - [image_stitcher.py:64] - Successfully saved stitched image to C:\Users\ojhav\OneDrive\Desktop\Auto Scroller\ChromeFullPageCapture\Output\002_YouTube - Google Chrome.png
2026-07-01 16:47:08,731 - INFO - [chrome_controller.py:57] - Switching to next tab...
2026-07-01 16:47:09,239 - DEBUG - [chrome_controller.py:66] - New tab title: API Keys - GroqCloud - Google Chrome
2026-07-01 16:47:09,249 - INFO - [gui.py:188] - GUI: Processing Tab 3/3: API Keys - GroqCloud - Google Chrome
2026-07-01 16:47:09,266 - DEBUG - [scroll_engine.py:41] - Scrolling to top...
2026-07-01 16:47:10,269 - DEBUG - [desktop_capture.py:18] - Initialized DesktopCapture with monitor: {'left': 0, 'top': 0, 'width': 2560, 'height': 1600, 'is_primary': True, 'name': 'Generic PnP Monitor', 'unique_id': '\\\\?\\DISPLAY#CMN1628#4&1044f657&0&UID8388688#{e6f07b5f-ee97-4a90-b076-33f57bf4eaa7}'}
2026-07-01 16:47:10,345 - DEBUG - [scroll_engine.py:27] - Scrolling down...
2026-07-01 16:47:11,435 - DEBUG - [duplicate_detector.py:44] - Image hash distance: 0
2026-07-01 16:47:11,435 - DEBUG - [page_detector.py:52] - Image hash suggests duplicate. Confirming with OCR...
2026-07-01 16:47:11,486 - WARNING - [ocr_utils.py:27] - OCR text extraction failed (is Tesseract installed?): tesseract is not installed or it's not in your PATH. See README file for more information.
2026-07-01 16:47:11,537 - WARNING - [ocr_utils.py:27] - OCR text extraction failed (is Tesseract installed?): tesseract is not installed or it's not in your PATH. See README file for more information.
2026-07-01 16:47:11,538 - INFO - [page_detector.py:60] - OCR returned no text. Relying on Image Hash for bottom detection.
2026-07-01 16:47:11,546 - INFO - [gui.py:188] - GUI: Stitching 1 screenshots...
2026-07-01 16:47:11,547 - INFO - [image_stitcher.py:35] - Stitching 1 images...
2026-07-01 16:47:11,553 - DEBUG - [image_stitcher.py:62] - Saving stitched image of size (2560, 1600)...
2026-07-01 16:47:11,622 - INFO - [image_stitcher.py:64] - Successfully saved stitched image to C:\Users\ojhav\OneDrive\Desktop\Auto Scroller\ChromeFullPageCapture\Output\003_API Keys - GroqCloud - Google Chrome.png
